2012/12/05 01:20:44 [error] [php] Undefined variable: modol (E:\wamp\www\wdjh\protected\controllers\ProblemController.php:11)
Stack trace:
#0 E:\wamp\www\framework\web\CController.php(278): ProblemController->runAction()
#1 E:\wamp\www\framework\web\CController.php(257): ProblemController->runActionWithFilters()
#2 E:\wamp\www\framework\web\CWebApplication.php(277): ProblemController->run()
#3 E:\wamp\www\framework\web\CWebApplication.php(136): CWebApplication->runController()
#4 E:\wamp\www\framework\base\CApplication.php(158): CWebApplication->processRequest()
#5 E:\wamp\www\wdjh\index.php(13): CWebApplication->run()
REQUEST_URI=/wdjh/index.php?r=problem/list
in E:\wamp\www\wdjh\protected\controllers\ProblemController.php (11)
in E:\wamp\www\wdjh\index.php (13)
2012/12/05 01:21:08 [error] [php] Undefined variable: modol (E:\wamp\www\wdjh\protected\controllers\ProblemController.php:12)
Stack trace:
#0 E:\wamp\www\framework\web\CController.php(278): ProblemController->runAction()
#1 E:\wamp\www\framework\web\CController.php(257): ProblemController->runActionWithFilters()
#2 E:\wamp\www\framework\web\CWebApplication.php(277): ProblemController->run()
#3 E:\wamp\www\framework\web\CWebApplication.php(136): CWebApplication->runController()
#4 E:\wamp\www\framework\base\CApplication.php(158): CWebApplication->processRequest()
#5 E:\wamp\www\wdjh\index.php(13): CWebApplication->run()
REQUEST_URI=/wdjh/index.php?r=problem/list
in E:\wamp\www\wdjh\protected\controllers\ProblemController.php (12)
in E:\wamp\www\wdjh\index.php (13)
2012/12/05 01:45:06 [error] [exception.CException] exception 'CException' with message 'ProblemController cannot find the requested view "lists".' in E:\wamp\www\framework\web\CController.php:875
Stack trace:
#0 E:\wamp\www\framework\web\CController.php(779): CController->renderPartial('lists', Array, true)
#1 E:\wamp\www\wdjh\protected\controllers\ProblemController.php(15): CController->render('lists', Array)
#2 E:\wamp\www\framework\web\actions\CInlineAction.php(50): ProblemController->actionList()
#3 E:\wamp\www\framework\web\CController.php(300): CInlineAction->runWithParams(Array)
#4 E:\wamp\www\framework\web\CController.php(278): CController->runAction(Object(CInlineAction))
#5 E:\wamp\www\framework\web\CController.php(257): CController->runActionWithFilters(Object(CInlineAction), Array)
#6 E:\wamp\www\framework\web\CWebApplication.php(277): CController->run('list')
#7 E:\wamp\www\framework\web\CWebApplication.php(136): CWebApplication->runController('problem/list')
#8 E:\wamp\www\framework\base\CApplication.php(158): CWebApplication->processRequest()
#9 E:\wamp\www\wdjh\index.php(13): CApplication->run()
#10 {main} REQUEST_URI=/wdjh/index.php?r=problem/list
2012/12/05 01:45:18 [error] [php] Undefined variable: form (E:\wamp\www\wdjh\protected\views\problem\list.php:1)
Stack trace:
#0 E:\wamp\www\framework\web\CController.php(866): ProblemController->renderFile()
#1 E:\wamp\www\framework\web\CController.php(779): ProblemController->renderPartial()
#2 E:\wamp\www\wdjh\protected\controllers\ProblemController.php(15): ProblemController->render()
#3 E:\wamp\www\framework\web\actions\CInlineAction.php(50): ProblemController->actionList()
#4 E:\wamp\www\framework\web\CController.php(300): CInlineAction->runWithParams()
#5 E:\wamp\www\framework\web\CController.php(278): ProblemController->runAction()
#6 E:\wamp\www\framework\web\CController.php(257): ProblemController->runActionWithFilters()
#7 E:\wamp\www\framework\web\CWebApplication.php(277): ProblemController->run()
#8 E:\wamp\www\framework\web\CWebApplication.php(136): CWebApplication->runController()
#9 E:\wamp\www\framework\base\CApplication.php(158): CWebApplication->processRequest()
#10 E:\wamp\www\wdjh\index.php(13): CWebApplication->run()
REQUEST_URI=/wdjh/index.php?r=problem/list
in E:\wamp\www\wdjh\protected\views\problem\list.php (1)
in E:\wamp\www\wdjh\protected\controllers\ProblemController.php (15)
in E:\wamp\www\wdjh\index.php (13)
2012/12/05 01:45:51 [error] [php] Undefined variable: form (E:\wamp\www\wdjh\protected\views\problem\list.php:1)
Stack trace:
#0 E:\wamp\www\framework\web\CController.php(866): ProblemController->renderFile()
#1 E:\wamp\www\framework\web\CController.php(779): ProblemController->renderPartial()
#2 E:\wamp\www\wdjh\protected\controllers\ProblemController.php(15): ProblemController->render()
#3 E:\wamp\www\framework\web\actions\CInlineAction.php(50): ProblemController->actionList()
#4 E:\wamp\www\framework\web\CController.php(300): CInlineAction->runWithParams()
#5 E:\wamp\www\framework\web\CController.php(278): ProblemController->runAction()
#6 E:\wamp\www\framework\web\CController.php(257): ProblemController->runActionWithFilters()
#7 E:\wamp\www\framework\web\CWebApplication.php(277): ProblemController->run()
#8 E:\wamp\www\framework\web\CWebApplication.php(136): CWebApplication->runController()
#9 E:\wamp\www\framework\base\CApplication.php(158): CWebApplication->processRequest()
#10 E:\wamp\www\wdjh\index.php(13): CWebApplication->run()
REQUEST_URI=/wdjh/index.php?r=problem/list
in E:\wamp\www\wdjh\protected\views\problem\list.php (1)
in E:\wamp\www\wdjh\protected\controllers\ProblemController.php (15)
in E:\wamp\www\wdjh\index.php (13)
2012/12/05 01:46:17 [error] [exception.CException] exception 'CException' with message 'Problem and its behaviors do not have a method or closure named "label".' in E:\wamp\www\framework\base\CComponent.php:269
Stack trace:
#0 E:\wamp\www\framework\db\ar\CActiveRecord.php(214): CComponent->__call('label', Array)
#1 E:\wamp\www\wdjh\protected\views\problem\list.php(1): CActiveRecord->__call('label', Array)
#2 E:\wamp\www\wdjh\protected\views\problem\list.php(1): Problem->label(Object(Problem), 'title')
#3 E:\wamp\www\framework\web\CBaseController.php(119): require('E:\wamp\www\wdj...')
#4 E:\wamp\www\framework\web\CBaseController.php(88): CBaseController->renderInternal('E:\wamp\www\wdj...', Array, true)
#5 E:\wamp\www\framework\web\CController.php(866): CBaseController->renderFile('E:\wamp\www\wdj...', Array, true)
#6 E:\wamp\www\framework\web\CController.php(779): CController->renderPartial('list', Array, true)
#7 E:\wamp\www\wdjh\protected\controllers\ProblemController.php(15): CController->render('list', Array)
#8 E:\wamp\www\framework\web\actions\CInlineAction.php(50): ProblemController->actionList()
#9 E:\wamp\www\framework\web\CController.php(300): CInlineAction->runWithParams(Array)
#10 E:\wamp\www\framework\web\CController.php(278): CController->runAction(Object(CInlineAction))
#11 E:\wamp\www\framework\web\CController.php(257): CController->runActionWithFilters(Object(CInlineAction), Array)
#12 E:\wamp\www\framework\web\CWebApplication.php(277): CController->run('list')
#13 E:\wamp\www\framework\web\CWebApplication.php(136): CWebApplication->runController('problem/list')
#14 E:\wamp\www\framework\base\CApplication.php(158): CWebApplication->processRequest()
#15 E:\wamp\www\wdjh\index.php(13): CApplication->run()
#16 {main} REQUEST_URI=/wdjh/index.php?r=problem/list
2012/12/05 01:47:19 [error] [exception.CException] exception 'CException' with message 'Problem and its behaviors do not have a method or closure named "label".' in E:\wamp\www\framework\base\CComponent.php:269
Stack trace:
#0 E:\wamp\www\framework\db\ar\CActiveRecord.php(214): CComponent->__call('label', Array)
#1 E:\wamp\www\wdjh\protected\views\problem\list.php(1): CActiveRecord->__call('label', Array)
#2 E:\wamp\www\wdjh\protected\views\problem\list.php(1): Problem->label(Object(Problem), 'title')
#3 E:\wamp\www\framework\web\CBaseController.php(119): require('E:\wamp\www\wdj...')
#4 E:\wamp\www\framework\web\CBaseController.php(88): CBaseController->renderInternal('E:\wamp\www\wdj...', Array, true)
#5 E:\wamp\www\framework\web\CController.php(866): CBaseController->renderFile('E:\wamp\www\wdj...', Array, true)
#6 E:\wamp\www\framework\web\CController.php(779): CController->renderPartial('list', Array, true)
#7 E:\wamp\www\wdjh\protected\controllers\ProblemController.php(15): CController->render('list', Array)
#8 E:\wamp\www\framework\web\actions\CInlineAction.php(50): ProblemController->actionList()
#9 E:\wamp\www\framework\web\CController.php(300): CInlineAction->runWithParams(Array)
#10 E:\wamp\www\framework\web\CController.php(278): CController->runAction(Object(CInlineAction))
#11 E:\wamp\www\framework\web\CController.php(257): CController->runActionWithFilters(Object(CInlineAction), Array)
#12 E:\wamp\www\framework\web\CWebApplication.php(277): CController->run('list')
#13 E:\wamp\www\framework\web\CWebApplication.php(136): CWebApplication->runController('problem/list')
#14 E:\wamp\www\framework\base\CApplication.php(158): CWebApplication->processRequest()
#15 E:\wamp\www\wdjh\index.php(13): CApplication->run()
#16 {main} REQUEST_URI=/wdjh/index.php?r=problem/list
2012/12/05 01:49:01 [error] [exception.CException] exception 'CException' with message 'Problem and its behaviors do not have a method or closure named "label".' in E:\wamp\www\framework\base\CComponent.php:269
Stack trace:
#0 E:\wamp\www\framework\db\ar\CActiveRecord.php(214): CComponent->__call('label', Array)
#1 E:\wamp\www\wdjh\protected\views\problem\list.php(4): CActiveRecord->__call('label', Array)
#2 E:\wamp\www\wdjh\protected\views\problem\list.php(4): Problem->label(Object(Problem), 'title')
#3 E:\wamp\www\framework\web\CBaseController.php(119): require('E:\wamp\www\wdj...')
#4 E:\wamp\www\framework\web\CBaseController.php(88): CBaseController->renderInternal('E:\wamp\www\wdj...', Array, true)
#5 E:\wamp\www\framework\web\CController.php(866): CBaseController->renderFile('E:\wamp\www\wdj...', Array, true)
#6 E:\wamp\www\framework\web\CController.php(779): CController->renderPartial('list', Array, true)
#7 E:\wamp\www\wdjh\protected\controllers\ProblemController.php(15): CController->render('list', Array)
#8 E:\wamp\www\framework\web\actions\CInlineAction.php(50): ProblemController->actionList()
#9 E:\wamp\www\framework\web\CController.php(300): CInlineAction->runWithParams(Array)
#10 E:\wamp\www\framework\web\CController.php(278): CController->runAction(Object(CInlineAction))
#11 E:\wamp\www\framework\web\CController.php(257): CController->runActionWithFilters(Object(CInlineAction), Array)
#12 E:\wamp\www\framework\web\CWebApplication.php(277): CController->run('list')
#13 E:\wamp\www\framework\web\CWebApplication.php(136): CWebApplication->runController('problem/list')
#14 E:\wamp\www\framework\base\CApplication.php(158): CWebApplication->processRequest()
#15 E:\wamp\www\wdjh\index.php(13): CApplication->run()
#16 {main} REQUEST_URI=/wdjh/index.php?r=problem/list
2012/12/05 01:49:03 [error] [exception.CException] exception 'CException' with message 'Problem and its behaviors do not have a method or closure named "label".' in E:\wamp\www\framework\base\CComponent.php:269
Stack trace:
#0 E:\wamp\www\framework\db\ar\CActiveRecord.php(214): CComponent->__call('label', Array)
#1 E:\wamp\www\wdjh\protected\views\problem\list.php(4): CActiveRecord->__call('label', Array)
#2 E:\wamp\www\wdjh\protected\views\problem\list.php(4): Problem->label(Object(Problem), 'title')
#3 E:\wamp\www\framework\web\CBaseController.php(119): require('E:\wamp\www\wdj...')
#4 E:\wamp\www\framework\web\CBaseController.php(88): CBaseController->renderInternal('E:\wamp\www\wdj...', Array, true)
#5 E:\wamp\www\framework\web\CController.php(866): CBaseController->renderFile('E:\wamp\www\wdj...', Array, true)
#6 E:\wamp\www\framework\web\CController.php(779): CController->renderPartial('list', Array, true)
#7 E:\wamp\www\wdjh\protected\controllers\ProblemController.php(15): CController->render('list', Array)
#8 E:\wamp\www\framework\web\actions\CInlineAction.php(50): ProblemController->actionList()
#9 E:\wamp\www\framework\web\CController.php(300): CInlineAction->runWithParams(Array)
#10 E:\wamp\www\framework\web\CController.php(278): CController->runAction(Object(CInlineAction))
#11 E:\wamp\www\framework\web\CController.php(257): CController->runActionWithFilters(Object(CInlineAction), Array)
#12 E:\wamp\www\framework\web\CWebApplication.php(277): CController->run('list')
#13 E:\wamp\www\framework\web\CWebApplication.php(136): CWebApplication->runController('problem/list')
#14 E:\wamp\www\framework\base\CApplication.php(158): CWebApplication->processRequest()
#15 E:\wamp\www\wdjh\index.php(13): CApplication->run()
#16 {main} REQUEST_URI=/wdjh/index.php?r=problem/list
